<?xml version="1.0" encoding="UTF-8"?>
<!-- Generated by org.testng.reporters.JUnitReportReporter -->
<testsuite hostname="DESKTOP-O7A6083" failures="0" tests="4" name="projecr.MyTestcases" time="30.613" errors="0" timestamp="2025-09-15T23:30:39 EET" skipped="0">
  <testcase classname="projecr.MyTestcases" name="SignupTest" time="11.386"/>
  <testcase classname="projecr.MyTestcases" name="LogoutTest" time="5.861"/>
  <testcase classname="projecr.MyTestcases" name="Login" time="7.971"/>
  <testcase classname="projecr.MyTestcases" name="AddItemToThecart" time="5.395"/>
</testsuite> <!-- projecr.MyTestcases -->
