<?xml version="1.0" encoding="UTF-8"?>
<!-- Generated by org.testng.reporters.JUnitReportReporter -->
<testsuite hostname="DESKTOP-O7A6083" failures="0" tests="3" name="projecr.first" time="8.827" errors="0" timestamp="2025-09-02T13:27:54 EET" skipped="0">
  <testcase classname="projecr.first" name="LoginWithNoramlUser" time="1.301"/>
  <testcase classname="projecr.first" name="AddItems" time="0.238"/>
  <testcase classname="projecr.first" name="CheckoutProcess" time="7.288"/>
</testsuite> <!-- projecr.first -->
