<?xml version="1.0" encoding="UTF-8"?>
<!-- Generated by org.testng.reporters.JUnitReportReporter -->
<testsuite hostname="DESKTOP-O7A6083" failures="0" tests="4" name="projecr.MyTestcases2" time="4.414" errors="0" timestamp="2025-09-15T14:49:31 EET" skipped="3">
  <testcase classname="projecr.MyTestcases2" name="AddItemToThecart" time="4.414"/>
  <testcase classname="projecr.MyTestcases2" name="Login">
    <skipped/>
  </testcase> <!-- Login -->
  <testcase classname="projecr.MyTestcases2" name="LogoutTest">
    <skipped/>
  </testcase> <!-- LogoutTest -->
  <testcase classname="projecr.MyTestcases2" name="SignupTest">
    <skipped/>
  </testcase> <!-- SignupTest -->
</testsuite> <!-- projecr.MyTestcases2 -->
